<?xml version="1.0" encoding="UTF-8"?>
<!-- Generated by org.testng.reporters.JUnitReportReporter -->
<testsuite hostname="LAPTOP-J3G3ATHA" failures="0" tests="1" name="com.training.sanity.tests.LoginTests" time="21.135" errors="0" timestamp="11 Jul 2019 09:59:09 GMT" skipped="0">
  <testcase classname="com.training.sanity.tests.LoginTests" name="validLoginTest" time="21.135"/>
</testsuite> <!-- com.training.sanity.tests.LoginTests -->
