<?xml version="1.0" encoding="UTF-8"?>
<!-- Generated by org.testng.reporters.JUnitReportReporter -->
<testsuite hostname="LAPTOP-J3G3ATHA" failures="0" tests="1" name="com.training.sanity.tests.RealestateLogin" time="42.395" errors="0" timestamp="13 Jul 2019 17:12:11 GMT" skipped="0">
  <testcase classname="com.training.sanity.tests.RealestateLogin" name="validLoginTest" time="42.395"/>
</testsuite> <!-- com.training.sanity.tests.RealestateLogin -->
