<?xml version="1.0" encoding="UTF-8"?>
<!-- Generated by org.testng.reporters.JUnitReportReporter -->
<testsuite hostname="LAPTOP-J3G3ATHA" failures="0" tests="1" name="com.training.sanity.tests.RealURL" time="41.416" errors="0" timestamp="21 Jul 2019 18:15:54 GMT" skipped="0">
  <testcase classname="com.training.sanity.tests.RealURL" name="validLoginTest" time="41.416"/>
</testsuite> <!-- com.training.sanity.tests.RealURL -->
