<?xml version="1.0" encoding="UTF-8"?>
<!-- Generated by org.testng.reporters.JUnitReportReporter -->
<testsuite hostname="LAPTOP-J3G3ATHA" failures="0" tests="1" name="com.training.sanity.tests.RealProp" time="30.217" errors="0" timestamp="16 Jul 2019 09:43:11 GMT" skipped="0">
  <testcase classname="com.training.sanity.tests.RealProp" name="validLoginTest" time="30.217"/>
</testsuite> <!-- com.training.sanity.tests.RealProp -->
